2021-01-25 12:36:30 Loading main app package /opt/obsidian/resources/obsidian.asar
2021-01-25 12:36:30 Checking for update using Github
2021-01-25 12:36:30 Failed to check for update using Github (net module can only be used after app is ready)
2021-01-25 12:36:30 Checking for update using obsidian.md
2021-01-25 12:36:30 Failed to check for update using obsidian.md (net module can only be used after app is ready)
2021-01-25 14:49:19 Loading main app package /opt/obsidian/resources/obsidian.asar
2021-01-25 14:49:19 Checking for update using Github
2021-01-25 14:49:19 Failed to check for update using Github (net module can only be used after app is ready)
2021-01-25 14:49:19 Checking for update using obsidian.md
2021-01-25 14:49:19 Failed to check for update using obsidian.md (net module can only be used after app is ready)
2021-01-26 14:40:20 Loading main app package /opt/obsidian/resources/obsidian.asar
2021-01-26 14:40:20 Checking for update using Github
2021-01-26 14:40:20 Failed to check for update using Github (net module can only be used after app is ready)
2021-01-26 14:40:20 Checking for update using obsidian.md
2021-01-26 14:40:20 Failed to check for update using obsidian.md (net module can only be used after app is ready)
2021-01-27 15:10:27 Loading main app package /opt/obsidian/resources/obsidian.asar
2021-01-27 15:10:27 Checking for update using Github
2021-01-27 15:10:27 Failed to check for update using Github (net module can only be used after app is ready)
2021-01-27 15:10:27 Checking for update using obsidian.md
2021-01-27 15:10:27 Failed to check for update using obsidian.md (net module can only be used after app is ready)
2021-01-27 15:10:39 Loading main app package /opt/obsidian/resources/obsidian.asar
2021-01-27 15:10:39 Checking for update using Github
2021-01-27 15:10:39 Failed to check for update using Github (net module can only be used after app is ready)
2021-01-27 15:10:39 Checking for update using obsidian.md
2021-01-27 15:10:39 Failed to check for update using obsidian.md (net module can only be used after app is ready)
2021-02-03 13:30:46 Loading main app package /opt/obsidian/resources/obsidian.asar
2021-02-03 13:30:46 Checking for update using Github
2021-02-03 13:30:46 Success.
2021-02-03 13:30:46 Latest version is 0.10.11
2021-02-03 13:30:46 App is up to date.
2021-02-05 12:58:36 Loading main app package /opt/obsidian/resources/obsidian.asar
2021-02-05 12:58:36 Checking for update using Github
2021-02-05 12:58:37 Success.
2021-02-05 12:58:37 Latest version is 0.10.11
2021-02-05 12:58:37 App is up to date.
2021-02-06 16:33:22 Loading main app package /opt/obsidian/resources/obsidian.asar
2021-02-06 16:33:22 Checking for update using Github
2021-02-06 16:33:22 Success.
2021-02-06 16:33:22 Latest version is 0.10.11
2021-02-06 16:33:22 App is up to date.
2021-02-07 01:54:29 Loading main app package /opt/obsidian/resources/obsidian.asar
2021-02-07 01:54:29 Checking for update using Github
2021-02-07 01:54:29 Success.
2021-02-07 01:54:29 Latest version is 0.10.11
2021-02-07 01:54:29 App is up to date.
