=========================
Fcitx 5.0.11 -- Get Signal No.: 6
Date: try "date -d @1640418696" if you are using GNU date ***
ProcessID: 691
fcitx5(+0xd144)[0x55845cbd2144]
/usr/lib/libc.so.6(+0x3cda0)[0x7f36c95bcda0]
/usr/lib/libc.so.6(gsignal+0x142)[0x7f36c95bcd22]
/usr/lib/libc.so.6(abort+0x116)[0x7f36c95a6862]
/usr/lib/libwayland-client.so.0(+0xb570)[0x7f36c9ba3570]
/usr/lib/libwayland-client.so.0(+0xa409)[0x7f36c9ba2409]
/usr/lib/libwayland-client.so.0(+0x65ab)[0x7f36c9b9e5ab]
/usr/lib/libwayland-client.so.0(wl_display_dispatch_queue_pending+0x7c)[0x7f36c9b9ff4c]
/usr/lib/fcitx5/libwayland.so(+0x8dc3)[0x7f36c8bb3dc3]
/usr/lib/fcitx5/libwayland.so(+0x8f42)[0x7f36c8bb3f42]
/usr/lib/libFcitx5Utils.so.2(+0x464c6)[0x7f36c9a084c6]
/usr/lib/libsystemd.so.0(+0x72149)[0x7f36c94b1149]
/usr/lib/libsystemd.so.0(sd_event_dispatch+0x12e)[0x7f36c94b145e]
/usr/lib/libsystemd.so.0(sd_event_run+0xc9)[0x7f36c94b3c99]
/usr/lib/libsystemd.so.0(sd_event_loop+0x58)[0x7f36c94b3eb8]
/usr/lib/libFcitx5Utils.so.2(_ZN5fcitx9EventLoop4execEv+0x16)[0x7f36c9a085a6]
/usr/lib/libFcitx5Core.so.7(_ZN5fcitx8Instance4execEv+0x57)[0x7f36c9aef6e7]
fcitx5(+0xbef6)[0x55845cbd0ef6]
/usr/lib/libc.so.6(__libc_start_main+0xd5)[0x7f36c95a7b25]
fcitx5(+0xc36e)[0x55845cbd136e]
